# JRE version: OpenJDK Runtime Environment (8.0_162-b12) (build 1.8.0_162-8u162-b12-1~deb9u1-b12)
# Java VM: OpenJDK 64-Bit Server VM (25.162-b12 mixed mode linux-amd64 compressed oops)
Heap:
 def new generation   total 235968K, used 79753K [0x00000000d0000000, 0x00000000e0000000, 0x00000000e0000000)
  eden space 209792K,  28% used [0x00000000d0000000, 0x00000000d39f14a0, 0x00000000dcce0000)
  from space 26176K,  78% used [0x00000000de670000, 0x00000000dfa61240, 0x00000000e0000000)
  to   space 26176K,   0% used [0x00000000dcce0000, 0x00000000dcce0000, 0x00000000de670000)
 tenured generation   total 524288K, used 103134K [0x00000000e0000000, 0x0000000100000000, 0x0000000100000000)
   the space 524288K,  19% used [0x00000000e0000000, 0x00000000e64b7b18, 0x00000000e64b7c00, 0x0000000100000000)
 Metaspace       used 68068K, capacity 71278K, committed 71384K, reserved 1112064K
  class space    used 8700K, capacity 9693K, committed 9728K, reserved 1048576K
GC Heap History (10 events):
Event: 31.874 GC heap before
{Heap before GC invocations=21 (full 3):
 def new generation   total 235968K, used 209792K [0x00000000d0000000, 0x00000000e0000000, 0x00000000e0000000)
  eden space 209792K, 100% used [0x00000000d0000000, 0x00000000dcce0000, 0x00000000dcce0000)
  from space 26176K,   0% used [0x00000000dcce0000, 0x00000000dcce0000, 0x00000000de670000)
  to   space 26176K,   0% used [0x00000000de670000, 0x00000000de670000, 0x00000000e0000000)
 tenured generation   total 524288K, used 92959K [0x00000000e0000000, 0x0000000100000000, 0x0000000100000000)
   the space 524288K,  17% used [0x00000000e0000000, 0x00000000e5ac7e90, 0x00000000e5ac8000, 0x0000000100000000)
 Metaspace       used 61439K, capacity 62666K, committed 62808K, reserved 1103872K
  class space    used 7457K, capacity 7734K, committed 7808K, reserved 1048576K
Event: 31.925 GC heap after
Heap after GC invocations=22 (full 3):
 def new generation   total 235968K, used 6916K [0x00000000d0000000, 0x00000000e0000000, 0x00000000e0000000)
  eden space 209792K,   0% used [0x00000000d0000000, 0x00000000d0000000, 0x00000000dcce0000)
  from space 26176K,  26% used [0x00000000de670000, 0x00000000ded313b0, 0x00000000e0000000)
  to   space 26176K,   0% used [0x00000000dcce0000, 0x00000000dcce0000, 0x00000000de670000)
 tenured generation   total 524288K, used 92959K [0x00000000e0000000, 0x0000000100000000, 0x0000000100000000)
   the space 524288K,  17% used [0x00000000e0000000, 0x00000000e5ac7e90, 0x00000000e5ac8000, 0x0000000100000000)
 Metaspace       used 61439K, capacity 62666K, committed 62808K, reserved 1103872K
  class space    used 7457K, capacity 7734K, committed 7808K, reserved 1048576K
}
Event: 34.193 GC heap before
{Heap before GC invocations=22 (full 3):
 def new generation   total 235968K, used 216708K [0x00000000d0000000, 0x00000000e0000000, 0x00000000e0000000)
  eden space 209792K, 100% used [0x00000000d0000000, 0x00000000dcce0000, 0x00000000dcce0000)
  from space 26176K,  26% used [0x00000000de670000, 0x00000000ded313b0, 0x00000000e0000000)
  to   space 26176K,   0% used [0x00000000dcce0000, 0x00000000dcce0000, 0x00000000de670000)
 tenured generation   total 524288K, used 92959K [0x00000000e0000000, 0x0000000100000000, 0x0000000100000000)
   the space 524288K,  17% used [0x00000000e0000000, 0x00000000e5ac7e90, 0x00000000e5ac8000, 0x0000000100000000)
 Metaspace       used 62992K, capacity 64584K, committed 64856K, reserved 1105920K
  class space    used 7775K, capacity 8259K, committed 8320K, reserved 1048576K
Event: 34.274 GC heap after
Heap after GC invocations=23 (full 3):
 def new generation   total 235968K, used 11610K [0x00000000d0000000, 0x00000000e0000000, 0x00000000e0000000)
  eden space 209792K,   0% used [0x00000000d0000000, 0x00000000d0000000, 0x00000000dcce0000)
  from space 26176K,  44% used [0x00000000dcce0000, 0x00000000dd836a78, 0x00000000de670000)
  to   space 26176K,   0% used [0x00000000de670000, 0x00000000de670000, 0x00000000e0000000)
 tenured generation   total 524288K, used 92959K [0x00000000e0000000, 0x0000000100000000, 0x0000000100000000)
   the space 524288K,  17% used [0x00000000e0000000, 0x00000000e5ac7e90, 0x00000000e5ac8000, 0x0000000100000000)
 Metaspace       used 62992K, capacity 64584K, committed 64856K, reserved 1105920K
  class space    used 7775K, capacity 8259K, committed 8320K, reserved 1048576K
}
Event: 42.269 GC heap before
{Heap before GC invocations=23 (full 3):
 def new generation   total 235968K, used 221402K [0x00000000d0000000, 0x00000000e0000000, 0x00000000e0000000)
  eden space 209792K, 100% used [0x00000000d0000000, 0x00000000dcce0000, 0x00000000dcce0000)
  from space 26176K,  44% used [0x00000000dcce0000, 0x00000000dd836a78, 0x00000000de670000)
  to   space 26176K,   0% used [0x00000000de670000, 0x00000000de670000, 0x00000000e0000000)
 tenured generation   total 524288K, used 92959K [0x00000000e0000000, 0x0000000100000000, 0x0000000100000000)
   the space 524288K,  17% used [0x00000000e0000000, 0x00000000e5ac7e90, 0x00000000e5ac8000, 0x0000000100000000)
 Metaspace       used 64536K, capacity 66678K, committed 66904K, reserved 1107968K
  class space    used 8074K, capacity 8761K, committed 8832K, reserved 1048576K
Event: 42.364 GC heap after
Heap after GC invocations=24 (full 3):
 def new generation   total 235968K, used 17021K [0x00000000d0000000, 0x00000000e0000000, 0x00000000e0000000)
  eden space 209792K,   0% used [0x00000000d0000000, 0x00000000d0000000, 0x00000000dcce0000)
  from space 26176K,  65% used [0x00000000de670000, 0x00000000df70f7a8, 0x00000000e0000000)
  to   space 26176K,   0% used [0x00000000dcce0000, 0x00000000dcce0000, 0x00000000de670000)
 tenured generation   total 524288K, used 92959K [0x00000000e0000000, 0x0000000100000000, 0x0000000100000000)
   the space 524288K,  17% used [0x00000000e0000000, 0x00000000e5ac7e90, 0x00000000e5ac8000, 0x0000000100000000)
 Metaspace       used 64536K, capacity 66678K, committed 66904K, reserved 1107968K
  class space    used 8074K, capacity 8761K, committed 8832K, reserved 1048576K
}
Event: 96.377 GC heap before
{Heap before GC invocations=24 (full 3):
 def new generation   total 235968K, used 226813K [0x00000000d0000000, 0x00000000e0000000, 0x00000000e0000000)
  eden space 209792K, 100% used [0x00000000d0000000, 0x00000000dcce0000, 0x00000000dcce0000)
  from space 26176K,  65% used [0x00000000de670000, 0x00000000df70f7a8, 0x00000000e0000000)
  to   space 26176K,   0% used [0x00000000dcce0000, 0x00000000dcce0000, 0x00000000de670000)
 tenured generation   total 524288K, used 92959K [0x00000000e0000000, 0x0000000100000000, 0x0000000100000000)
   the space 524288K,  17% used [0x00000000e0000000, 0x00000000e5ac7e90, 0x00000000e5ac8000, 0x0000000100000000)
 Metaspace       used 66064K, capacity 68910K, committed 69208K, reserved 1110016K
  class space    used 8414K, capacity 9251K, committed 9344K, reserved 1048576K
Event: 96.481 GC heap after
Heap after GC invocations=25 (full 3):
 def new generation   total 235968K, used 16438K [0x00000000d0000000, 0x00000000e0000000, 0x00000000e0000000)
  eden space 209792K,   0% used [0x00000000d0000000, 0x00000000d0000000, 0x00000000dcce0000)
  from space 26176K,  62% used [0x00000000dcce0000, 0x00000000ddceda10, 0x00000000de670000)
  to   space 26176K,   0% used [0x00000000de670000, 0x00000000de670000, 0x00000000e0000000)
 tenured generation   total 524288K, used 97398K [0x00000000e0000000, 0x0000000100000000, 0x0000000100000000)
   the space 524288K,  18% used [0x00000000e0000000, 0x00000000e5f1da38, 0x00000000e5f1dc00, 0x0000000100000000)
 Metaspace       used 66064K, capacity 68910K, committed 69208K, reserved 1110016K
  class space    used 8414K, capacity 9251K, committed 9344K, reserved 1048576K
}
Event: 168.090 GC heap before
{Heap before GC invocations=25 (full 3):
 def new generation   total 235968K, used 226230K [0x00000000d0000000, 0x00000000e0000000, 0x00000000e0000000)
  eden space 209792K, 100% used [0x00000000d0000000, 0x00000000dcce0000, 0x00000000dcce0000)
  from space 26176K,  62% used [0x00000000dcce0000, 0x00000000ddceda10, 0x00000000de670000)
  to   space 26176K,   0% used [0x00000000de670000, 0x00000000de670000, 0x00000000e0000000)
 tenured generation   total 524288K, used 97398K [0x00000000e0000000, 0x0000000100000000, 0x0000000100000000)
   the space 524288K,  18% used [0x00000000e0000000, 0x00000000e5f1da38, 0x00000000e5f1dc00, 0x0000000100000000)
 Metaspace       used 67247K, capacity 70270K, committed 70488K, reserved 1110016K
  class space    used 8580K, capacity 9484K, committed 9600K, reserved 1048576K
Event: 168.144 GC heap after
Heap after GC invocations=26 (full 3):
 def new generation   total 235968K, used 20420K [0x00000000d0000000, 0x00000000e0000000, 0x00000000e0000000)
  eden space 209792K,   0% used [0x00000000d0000000, 0x00000000d0000000, 0x00000000dcce0000)
  from space 26176K,  78% used [0x00000000de670000, 0x00000000dfa61240, 0x00000000e0000000)
  to   space 26176K,   0% used [0x00000000dcce0000, 0x00000000dcce0000, 0x00000000de670000)
 tenured generation   total 524288K, used 103134K [0x00000000e0000000, 0x0000000100000000, 0x0000000100000000)
   the space 524288K,  19% used [0x00000000e0000000, 0x00000000e64b7b18, 0x00000000e64b7c00, 0x0000000100000000)
 Metaspace       used 67247K, capacity 70270K, committed 70488K, reserved 1110016K
  class space    used 8580K, capacity 9484K, committed 9600K, reserved 1048576K
}

