# JRE version: OpenJDK Runtime Environment (8.0_162-b12) (build 1.8.0_162-8u162-b12-1~deb9u1-b12)
# Java VM: OpenJDK 64-Bit Server VM (25.162-b12 mixed mode linux-amd64 compressed oops)
Heap:
 def new generation   total 235968K, used 182498K [0x00000000d0000000, 0x00000000e0000000, 0x00000000e0000000)
  eden space 209792K,  84% used [0x00000000d0000000, 0x00000000dac72060, 0x00000000dcce0000)
  from space 26176K,  22% used [0x00000000dcce0000, 0x00000000dd2a6ab8, 0x00000000de670000)
  to   space 26176K,   0% used [0x00000000de670000, 0x00000000de670000, 0x00000000e0000000)
 tenured generation   total 524288K, used 123341K [0x00000000e0000000, 0x0000000100000000, 0x0000000100000000)
   the space 524288K,  23% used [0x00000000e0000000, 0x00000000e78734e0, 0x00000000e7873600, 0x0000000100000000)
 Metaspace       used 69515K, capacity 73796K, committed 74072K, reserved 1114112K
  class space    used 9027K, capacity 10290K, committed 10368K, reserved 1048576K
GC Heap History (10 events):
Event: 39.487 GC heap before
{Heap before GC invocations=24 (full 3):
 def new generation   total 235968K, used 222897K [0x00000000d0000000, 0x00000000e0000000, 0x00000000e0000000)
  eden space 209792K, 100% used [0x00000000d0000000, 0x00000000dcce0000, 0x00000000dcce0000)
  from space 26176K,  50% used [0x00000000de670000, 0x00000000df33c778, 0x00000000e0000000)
  to   space 26176K,   0% used [0x00000000dcce0000, 0x00000000dcce0000, 0x00000000de670000)
 tenured generation   total 524288K, used 93144K [0x00000000e0000000, 0x0000000100000000, 0x0000000100000000)
   the space 524288K,  17% used [0x00000000e0000000, 0x00000000e5af6018, 0x00000000e5af6200, 0x0000000100000000)
 Metaspace       used 64605K, capacity 66646K, committed 66904K, reserved 1107968K
  class space    used 8098K, capacity 8745K, committed 8832K, reserved 1048576K
Event: 39.606 GC heap after
Heap after GC invocations=25 (full 3):
 def new generation   total 235968K, used 12668K [0x00000000d0000000, 0x00000000e0000000, 0x00000000e0000000)
  eden space 209792K,   0% used [0x00000000d0000000, 0x00000000d0000000, 0x00000000dcce0000)
  from space 26176K,  48% used [0x00000000dcce0000, 0x00000000dd93f230, 0x00000000de670000)
  to   space 26176K,   0% used [0x00000000de670000, 0x00000000de670000, 0x00000000e0000000)
 tenured generation   total 524288K, used 97073K [0x00000000e0000000, 0x0000000100000000, 0x0000000100000000)
   the space 524288K,  18% used [0x00000000e0000000, 0x00000000e5ecc6d0, 0x00000000e5ecc800, 0x0000000100000000)
 Metaspace       used 64605K, capacity 66646K, committed 66904K, reserved 1107968K
  class space    used 8098K, capacity 8745K, committed 8832K, reserved 1048576K
}
Event: 61.252 GC heap before
{Heap before GC invocations=25 (full 3):
 def new generation   total 235968K, used 222460K [0x00000000d0000000, 0x00000000e0000000, 0x00000000e0000000)
  eden space 209792K, 100% used [0x00000000d0000000, 0x00000000dcce0000, 0x00000000dcce0000)
  from space 26176K,  48% used [0x00000000dcce0000, 0x00000000dd93f230, 0x00000000de670000)
  to   space 26176K,   0% used [0x00000000de670000, 0x00000000de670000, 0x00000000e0000000)
 tenured generation   total 524288K, used 97073K [0x00000000e0000000, 0x0000000100000000, 0x0000000100000000)
   the space 524288K,  18% used [0x00000000e0000000, 0x00000000e5ecc6d0, 0x00000000e5ecc800, 0x0000000100000000)
 Metaspace       used 65443K, capacity 67996K, committed 68184K, reserved 1107968K
  class space    used 8254K, capacity 9046K, committed 9088K, reserved 1048576K
Event: 61.282 GC heap after
Heap after GC invocations=26 (full 3):
 def new generation   total 235968K, used 14523K [0x00000000d0000000, 0x00000000e0000000, 0x00000000e0000000)
  eden space 209792K,   0% used [0x00000000d0000000, 0x00000000d0000000, 0x00000000dcce0000)
  from space 26176K,  55% used [0x00000000de670000, 0x00000000df49ed38, 0x00000000e0000000)
  to   space 26176K,   0% used [0x00000000dcce0000, 0x00000000dcce0000, 0x00000000de670000)
 tenured generation   total 524288K, used 97073K [0x00000000e0000000, 0x0000000100000000, 0x0000000100000000)
   the space 524288K,  18% used [0x00000000e0000000, 0x00000000e5ecc6d0, 0x00000000e5ecc800, 0x0000000100000000)
 Metaspace       used 65443K, capacity 67996K, committed 68184K, reserved 1107968K
  class space    used 8254K, capacity 9046K, committed 9088K, reserved 1048576K
}
Event: 89.627 GC heap before
{Heap before GC invocations=26 (full 3):
 def new generation   total 235968K, used 224315K [0x00000000d0000000, 0x00000000e0000000, 0x00000000e0000000)
  eden space 209792K, 100% used [0x00000000d0000000, 0x00000000dcce0000, 0x00000000dcce0000)
  from space 26176K,  55% used [0x00000000de670000, 0x00000000df49ed38, 0x00000000e0000000)
  to   space 26176K,   0% used [0x00000000dcce0000, 0x00000000dcce0000, 0x00000000de670000)
 tenured generation   total 524288K, used 97073K [0x00000000e0000000, 0x0000000100000000, 0x0000000100000000)
   the space 524288K,  18% used [0x00000000e0000000, 0x00000000e5ecc6d0, 0x00000000e5ecc800, 0x0000000100000000)
 Metaspace       used 67497K, capacity 70570K, committed 70744K, reserved 1110016K
  class space    used 8592K, capacity 9563K, committed 9600K, reserved 1048576K
Event: 89.809 GC heap after
Heap after GC invocations=27 (full 3):
 def new generation   total 235968K, used 24331K [0x00000000d0000000, 0x00000000e0000000, 0x00000000e0000000)
  eden space 209792K,   0% used [0x00000000d0000000, 0x00000000d0000000, 0x00000000dcce0000)
  from space 26176K,  92% used [0x00000000dcce0000, 0x00000000de4a2d40, 0x00000000de670000)
  to   space 26176K,   0% used [0x00000000de670000, 0x00000000de670000, 0x00000000e0000000)
 tenured generation   total 524288K, used 100487K [0x00000000e0000000, 0x0000000100000000, 0x0000000100000000)
   the space 524288K,  19% used [0x00000000e0000000, 0x00000000e6221ea0, 0x00000000e6222000, 0x0000000100000000)
 Metaspace       used 67497K, capacity 70570K, committed 70744K, reserved 1110016K
  class space    used 8592K, capacity 9563K, committed 9600K, reserved 1048576K
}
Event: 157.820 GC heap before
{Heap before GC invocations=27 (full 3):
 def new generation   total 235968K, used 234123K [0x00000000d0000000, 0x00000000e0000000, 0x00000000e0000000)
  eden space 209792K, 100% used [0x00000000d0000000, 0x00000000dcce0000, 0x00000000dcce0000)
  from space 26176K,  92% used [0x00000000dcce0000, 0x00000000de4a2d40, 0x00000000de670000)
  to   space 26176K,   0% used [0x00000000de670000, 0x00000000de670000, 0x00000000e0000000)
 tenured generation   total 524288K, used 100487K [0x00000000e0000000, 0x0000000100000000, 0x0000000100000000)
   the space 524288K,  19% used [0x00000000e0000000, 0x00000000e6221ea0, 0x00000000e6222000, 0x0000000100000000)
 Metaspace       used 68557K, capacity 72290K, committed 72408K, reserved 1112064K
  class space    used 8805K, capacity 9906K, committed 9984K, reserved 1048576K
Event: 157.973 GC heap after
Heap after GC invocations=28 (full 3):
 def new generation   total 235968K, used 3874K [0x00000000d0000000, 0x00000000e0000000, 0x00000000e0000000)
  eden space 209792K,   0% used [0x00000000d0000000, 0x00000000d0000000, 0x00000000dcce0000)
  from space 26176K,  14% used [0x00000000de670000, 0x00000000dea38b70, 0x00000000e0000000)
  to   space 26176K,   0% used [0x00000000dcce0000, 0x00000000dcce0000, 0x00000000de670000)
 tenured generation   total 524288K, used 123341K [0x00000000e0000000, 0x0000000100000000, 0x0000000100000000)
   the space 524288K,  23% used [0x00000000e0000000, 0x00000000e78734e0, 0x00000000e7873600, 0x0000000100000000)
 Metaspace       used 68557K, capacity 72290K, committed 72408K, reserved 1112064K
  class space    used 8805K, capacity 9906K, committed 9984K, reserved 1048576K
}
Event: 182.212 GC heap before
{Heap before GC invocations=28 (full 3):
 def new generation   total 235968K, used 213666K [0x00000000d0000000, 0x00000000e0000000, 0x00000000e0000000)
  eden space 209792K, 100% used [0x00000000d0000000, 0x00000000dcce0000, 0x00000000dcce0000)
  from space 26176K,  14% used [0x00000000de670000, 0x00000000dea38b70, 0x00000000e0000000)
  to   space 26176K,   0% used [0x00000000dcce0000, 0x00000000dcce0000, 0x00000000de670000)
 tenured generation   total 524288K, used 123341K [0x00000000e0000000, 0x0000000100000000, 0x0000000100000000)
   the space 524288K,  23% used [0x00000000e0000000, 0x00000000e78734e0, 0x00000000e7873600, 0x0000000100000000)
 Metaspace       used 68956K, capacity 72968K, committed 73048K, reserved 1112064K
  class space    used 8895K, capacity 10059K, committed 10112K, reserved 1048576K
Event: 182.265 GC heap after
Heap after GC invocations=29 (full 3):
 def new generation   total 235968K, used 5914K [0x00000000d0000000, 0x00000000e0000000, 0x00000000e0000000)
  eden space 209792K,   0% used [0x00000000d0000000, 0x00000000d0000000, 0x00000000dcce0000)
  from space 26176K,  22% used [0x00000000dcce0000, 0x00000000dd2a6ab8, 0x00000000de670000)
  to   space 26176K,   0% used [0x00000000de670000, 0x00000000de670000, 0x00000000e0000000)
 tenured generation   total 524288K, used 123341K [0x00000000e0000000, 0x0000000100000000, 0x0000000100000000)
   the space 524288K,  23% used [0x00000000e0000000, 0x00000000e78734e0, 0x00000000e7873600, 0x0000000100000000)
 Metaspace       used 68956K, capacity 72968K, committed 73048K, reserved 1112064K
  class space    used 8895K, capacity 10059K, committed 10112K, reserved 1048576K
}

