# JRE version: OpenJDK Runtime Environment (8.0_162-b12) (build 1.8.0_162-8u162-b12-1~deb9u1-b12)
# Java VM: OpenJDK 64-Bit Server VM (25.162-b12 mixed mode linux-amd64 compressed oops)
Heap:
 def new generation   total 235968K, used 71433K [0x00000000d0000000, 0x00000000e0000000, 0x00000000e0000000)
  eden space 209792K,  22% used [0x00000000d0000000, 0x00000000d2e2bf98, 0x00000000dcce0000)
  from space 26176K,  92% used [0x00000000dcce0000, 0x00000000de476648, 0x00000000de670000)
  to   space 26176K,   0% used [0x00000000de670000, 0x00000000de670000, 0x00000000e0000000)
 tenured generation   total 524288K, used 95035K [0x00000000e0000000, 0x0000000100000000, 0x0000000100000000)
   the space 524288K,  18% used [0x00000000e0000000, 0x00000000e5ccef18, 0x00000000e5ccf000, 0x0000000100000000)
 Metaspace       used 66662K, capacity 69494K, committed 69592K, reserved 1110016K
  class space    used 8422K, capacity 9201K, committed 9216K, reserved 1048576K
GC Heap History (10 events):
Event: 24.920 GC heap before
{Heap before GC invocations=20 (full 2):
 def new generation   total 235968K, used 201924K [0x00000000d0000000, 0x00000000e0000000, 0x00000000e0000000)
  eden space 209792K,  88% used [0x00000000d0000000, 0x00000000db4d3bb0, 0x00000000dcce0000)
  from space 26176K,  64% used [0x00000000dcce0000, 0x00000000ddd3d480, 0x00000000de670000)
  to   space 26176K,   0% used [0x00000000de670000, 0x00000000de670000, 0x00000000e0000000)
 tenured generation   total 524288K, used 72743K [0x00000000e0000000, 0x0000000100000000, 0x0000000100000000)
   the space 524288K,  13% used [0x00000000e0000000, 0x00000000e4709f98, 0x00000000e470a000, 0x0000000100000000)
 Metaspace       used 57827K, capacity 58902K, committed 58968K, reserved 1101824K
  class space    used 7002K, capacity 7267K, committed 7296K, reserved 1048576K
Event: 25.414 GC heap after
Heap after GC invocations=21 (full 3):
 def new generation   total 235968K, used 0K [0x00000000d0000000, 0x00000000e0000000, 0x00000000e0000000)
  eden space 209792K,   0% used [0x00000000d0000000, 0x00000000d0000000, 0x00000000dcce0000)
  from space 26176K,   0% used [0x00000000dcce0000, 0x00000000dcce0000, 0x00000000de670000)
  to   space 26176K,   0% used [0x00000000de670000, 0x00000000de670000, 0x00000000e0000000)
 tenured generation   total 524288K, used 91345K [0x00000000e0000000, 0x0000000100000000, 0x0000000100000000)
   the space 524288K,  17% used [0x00000000e0000000, 0x00000000e59347a8, 0x00000000e5934800, 0x0000000100000000)
 Metaspace       used 57827K, capacity 58902K, committed 58968K, reserved 1101824K
  class space    used 7002K, capacity 7267K, committed 7296K, reserved 1048576K
}
Event: 44.717 GC heap before
{Heap before GC invocations=21 (full 3):
 def new generation   total 235968K, used 209792K [0x00000000d0000000, 0x00000000e0000000, 0x00000000e0000000)
  eden space 209792K, 100% used [0x00000000d0000000, 0x00000000dcce0000, 0x00000000dcce0000)
  from space 26176K,   0% used [0x00000000dcce0000, 0x00000000dcce0000, 0x00000000de670000)
  to   space 26176K,   0% used [0x00000000de670000, 0x00000000de670000, 0x00000000e0000000)
 tenured generation   total 524288K, used 91345K [0x00000000e0000000, 0x0000000100000000, 0x0000000100000000)
   the space 524288K,  17% used [0x00000000e0000000, 0x00000000e59347a8, 0x00000000e5934800, 0x0000000100000000)
 Metaspace       used 60811K, capacity 62066K, committed 62296K, reserved 1103872K
  class space    used 7454K, capacity 7771K, committed 7808K, reserved 1048576K
Event: 44.760 GC heap after
Heap after GC invocations=22 (full 3):
 def new generation   total 235968K, used 5604K [0x00000000d0000000, 0x00000000e0000000, 0x00000000e0000000)
  eden space 209792K,   0% used [0x00000000d0000000, 0x00000000d0000000, 0x00000000dcce0000)
  from space 26176K,  21% used [0x00000000de670000, 0x00000000debe9008, 0x00000000e0000000)
  to   space 26176K,   0% used [0x00000000dcce0000, 0x00000000dcce0000, 0x00000000de670000)
 tenured generation   total 524288K, used 91345K [0x00000000e0000000, 0x0000000100000000, 0x0000000100000000)
   the space 524288K,  17% used [0x00000000e0000000, 0x00000000e59347a8, 0x00000000e5934800, 0x0000000100000000)
 Metaspace       used 60811K, capacity 62066K, committed 62296K, reserved 1103872K
  class space    used 7454K, capacity 7771K, committed 7808K, reserved 1048576K
}
Event: 47.218 GC heap before
{Heap before GC invocations=22 (full 3):
 def new generation   total 235968K, used 215396K [0x00000000d0000000, 0x00000000e0000000, 0x00000000e0000000)
  eden space 209792K, 100% used [0x00000000d0000000, 0x00000000dcce0000, 0x00000000dcce0000)
  from space 26176K,  21% used [0x00000000de670000, 0x00000000debe9008, 0x00000000e0000000)
  to   space 26176K,   0% used [0x00000000dcce0000, 0x00000000dcce0000, 0x00000000de670000)
 tenured generation   total 524288K, used 91345K [0x00000000e0000000, 0x0000000100000000, 0x0000000100000000)
   the space 524288K,  17% used [0x00000000e0000000, 0x00000000e59347a8, 0x00000000e5934800, 0x0000000100000000)
 Metaspace       used 62710K, capacity 64100K, committed 64472K, reserved 1105920K
  class space    used 7718K, capacity 8090K, committed 8192K, reserved 1048576K
Event: 47.287 GC heap after
Heap after GC invocations=23 (full 3):
 def new generation   total 235968K, used 10969K [0x00000000d0000000, 0x00000000e0000000, 0x00000000e0000000)
  eden space 209792K,   0% used [0x00000000d0000000, 0x00000000d0000000, 0x00000000dcce0000)
  from space 26176K,  41% used [0x00000000dcce0000, 0x00000000dd796668, 0x00000000de670000)
  to   space 26176K,   0% used [0x00000000de670000, 0x00000000de670000, 0x00000000e0000000)
 tenured generation   total 524288K, used 91345K [0x00000000e0000000, 0x0000000100000000, 0x0000000100000000)
   the space 524288K,  17% used [0x00000000e0000000, 0x00000000e59347a8, 0x00000000e5934800, 0x0000000100000000)
 Metaspace       used 62710K, capacity 64100K, committed 64472K, reserved 1105920K
  class space    used 7718K, capacity 8090K, committed 8192K, reserved 1048576K
}
Event: 50.006 GC heap before
{Heap before GC invocations=23 (full 3):
 def new generation   total 235968K, used 220761K [0x00000000d0000000, 0x00000000e0000000, 0x00000000e0000000)
  eden space 209792K, 100% used [0x00000000d0000000, 0x00000000dcce0000, 0x00000000dcce0000)
  from space 26176K,  41% used [0x00000000dcce0000, 0x00000000dd796668, 0x00000000de670000)
  to   space 26176K,   0% used [0x00000000de670000, 0x00000000de670000, 0x00000000e0000000)
 tenured generation   total 524288K, used 91345K [0x00000000e0000000, 0x0000000100000000, 0x0000000100000000)
   the space 524288K,  17% used [0x00000000e0000000, 0x00000000e59347a8, 0x00000000e5934800, 0x0000000100000000)
 Metaspace       used 64216K, capacity 66340K, committed 66520K, reserved 1107968K
  class space    used 8046K, capacity 8647K, committed 8704K, reserved 1048576K
Event: 50.095 GC heap after
Heap after GC invocations=24 (full 3):
 def new generation   total 235968K, used 14684K [0x00000000d0000000, 0x00000000e0000000, 0x00000000e0000000)
  eden space 209792K,   0% used [0x00000000d0000000, 0x00000000d0000000, 0x00000000dcce0000)
  from space 26176K,  56% used [0x00000000de670000, 0x00000000df4c7178, 0x00000000e0000000)
  to   space 26176K,   0% used [0x00000000dcce0000, 0x00000000dcce0000, 0x00000000de670000)
 tenured generation   total 524288K, used 91345K [0x00000000e0000000, 0x0000000100000000, 0x0000000100000000)
   the space 524288K,  17% used [0x00000000e0000000, 0x00000000e59347a8, 0x00000000e5934800, 0x0000000100000000)
 Metaspace       used 64216K, capacity 66340K, committed 66520K, reserved 1107968K
  class space    used 8046K, capacity 8647K, committed 8704K, reserved 1048576K
}
Event: 116.854 GC heap before
{Heap before GC invocations=24 (full 3):
 def new generation   total 235968K, used 224476K [0x00000000d0000000, 0x00000000e0000000, 0x00000000e0000000)
  eden space 209792K, 100% used [0x00000000d0000000, 0x00000000dcce0000, 0x00000000dcce0000)
  from space 26176K,  56% used [0x00000000de670000, 0x00000000df4c7178, 0x00000000e0000000)
  to   space 26176K,   0% used [0x00000000dcce0000, 0x00000000dcce0000, 0x00000000de670000)
 tenured generation   total 524288K, used 91345K [0x00000000e0000000, 0x0000000100000000, 0x0000000100000000)
   the space 524288K,  17% used [0x00000000e0000000, 0x00000000e59347a8, 0x00000000e5934800, 0x0000000100000000)
 Metaspace       used 66296K, capacity 69002K, committed 69336K, reserved 1110016K
  class space    used 8385K, capacity 9120K, committed 9216K, reserved 1048576K
Event: 116.926 GC heap after
Heap after GC invocations=25 (full 3):
 def new generation   total 235968K, used 24153K [0x00000000d0000000, 0x00000000e0000000, 0x00000000e0000000)
  eden space 209792K,   0% used [0x00000000d0000000, 0x00000000d0000000, 0x00000000dcce0000)
  from space 26176K,  92% used [0x00000000dcce0000, 0x00000000de476648, 0x00000000de670000)
  to   space 26176K,   0% used [0x00000000de670000, 0x00000000de670000, 0x00000000e0000000)
 tenured generation   total 524288K, used 95035K [0x00000000e0000000, 0x0000000100000000, 0x0000000100000000)
   the space 524288K,  18% used [0x00000000e0000000, 0x00000000e5ccef18, 0x00000000e5ccf000, 0x0000000100000000)
 Metaspace       used 66296K, capacity 69002K, committed 69336K, reserved 1110016K
  class space    used 8385K, capacity 9120K, committed 9216K, reserved 1048576K
}

